2026-01-31 00:59:08 - INFO - === 开始读取输入文件 ===
2026-01-31 00:59:08 - ERROR - 文件未找到: '/Users/lexin/PycharmProjects/媒体预算汇总/data/OCPX业务报表 (16).xlsx' 不存在
2026-01-31 00:59:08 - CRITICAL - 
❌ 程序执行失败：'/Users/lexin/PycharmProjects/媒体预算汇总/data/OCPX业务报表 (16).xlsx' 不存在
Traceback (most recent call last):
  File "C:\Users\ASUS\PycharmProjects\媒体预算汇总\main.py", line 604, in main
    processor.read_all_inputs()
    ~~~~~~~~~~~~~~~~~~~~~~~~~^^
  File "C:\Users\ASUS\PycharmProjects\媒体预算汇总\main.py", line 110, in read_all_inputs
    self.raw_df = self._read_excel_file(self.config['INPUT_FILE'], self.config['RAW_DATA_SHEET'])
                  ~~~~~~~~~~~~~~~~~~~~~^^^^^^^^^^^^^^^^^^^^^^^^^^^^^^^^^^^^^^^^^^^^^^^^^^^^^^^^^^
  File "C:\Users\ASUS\PycharmProjects\媒体预算汇总\main.py", line 125, in _read_excel_file
    raise FileNotFoundError(f"'{file_path}' 不存在")
FileNotFoundError: '/Users/lexin/PycharmProjects/媒体预算汇总/data/OCPX业务报表 (16).xlsx' 不存在
2026-01-31 00:59:51 - INFO - === 开始读取输入文件 ===
2026-01-31 00:59:51 - ERROR - 文件未找到: '/Users/lexin/PycharmProjects/媒体预算汇总/data/OCPX业务报表 (6).xlsx' 不存在
2026-01-31 00:59:51 - CRITICAL - 
❌ 程序执行失败：'/Users/lexin/PycharmProjects/媒体预算汇总/data/OCPX业务报表 (6).xlsx' 不存在
Traceback (most recent call last):
  File "C:\Users\ASUS\PycharmProjects\媒体预算汇总\main.py", line 604, in main
    processor.read_all_inputs()
    ~~~~~~~~~~~~~~~~~~~~~~~~~^^
  File "C:\Users\ASUS\PycharmProjects\媒体预算汇总\main.py", line 110, in read_all_inputs
    self.raw_df = self._read_excel_file(self.config['INPUT_FILE'], self.config['RAW_DATA_SHEET'])
                  ~~~~~~~~~~~~~~~~~~~~~^^^^^^^^^^^^^^^^^^^^^^^^^^^^^^^^^^^^^^^^^^^^^^^^^^^^^^^^^^
  File "C:\Users\ASUS\PycharmProjects\媒体预算汇总\main.py", line 125, in _read_excel_file
    raise FileNotFoundError(f"'{file_path}' 不存在")
FileNotFoundError: '/Users/lexin/PycharmProjects/媒体预算汇总/data/OCPX业务报表 (6).xlsx' 不存在
2026-01-31 01:00:21 - INFO - === 开始读取输入文件 ===
2026-01-31 01:00:21 - ERROR - 文件未找到: '/Users/lexin/PycharmProjects/媒体预算汇总/data/OCPX业务报表 (6).xlsx' 不存在
2026-01-31 01:00:21 - CRITICAL - 
❌ 程序执行失败：'/Users/lexin/PycharmProjects/媒体预算汇总/data/OCPX业务报表 (6).xlsx' 不存在
Traceback (most recent call last):
  File "C:\Users\ASUS\PycharmProjects\媒体预算汇总\main.py", line 604, in main
    processor.read_all_inputs()
    ~~~~~~~~~~~~~~~~~~~~~~~~~^^
  File "C:\Users\ASUS\PycharmProjects\媒体预算汇总\main.py", line 110, in read_all_inputs
    self.raw_df = self._read_excel_file(self.config['INPUT_FILE'], self.config['RAW_DATA_SHEET'])
                  ~~~~~~~~~~~~~~~~~~~~~^^^^^^^^^^^^^^^^^^^^^^^^^^^^^^^^^^^^^^^^^^^^^^^^^^^^^^^^^^
  File "C:\Users\ASUS\PycharmProjects\媒体预算汇总\main.py", line 125, in _read_excel_file
    raise FileNotFoundError(f"'{file_path}' 不存在")
FileNotFoundError: '/Users/lexin/PycharmProjects/媒体预算汇总/data/OCPX业务报表 (6).xlsx' 不存在
2026-01-31 01:02:06 - INFO - === 开始读取输入文件 ===
2026-01-31 01:02:06 - ERROR - 文件未找到: '/data/OCPX业务报表 (6).xlsx' 不存在
2026-01-31 01:02:06 - CRITICAL - 
❌ 程序执行失败：'/data/OCPX业务报表 (6).xlsx' 不存在
Traceback (most recent call last):
  File "C:\Users\ASUS\PycharmProjects\媒体预算汇总\main.py", line 604, in main
    processor.read_all_inputs()
    ~~~~~~~~~~~~~~~~~~~~~~~~~^^
  File "C:\Users\ASUS\PycharmProjects\媒体预算汇总\main.py", line 110, in read_all_inputs
    self.raw_df = self._read_excel_file(self.config['INPUT_FILE'], self.config['RAW_DATA_SHEET'])
                  ~~~~~~~~~~~~~~~~~~~~~^^^^^^^^^^^^^^^^^^^^^^^^^^^^^^^^^^^^^^^^^^^^^^^^^^^^^^^^^^
  File "C:\Users\ASUS\PycharmProjects\媒体预算汇总\main.py", line 125, in _read_excel_file
    raise FileNotFoundError(f"'{file_path}' 不存在")
FileNotFoundError: '/data/OCPX业务报表 (6).xlsx' 不存在
2026-01-31 01:02:32 - INFO - === 开始读取输入文件 ===
2026-01-31 01:02:41 - INFO - ✅ 读取 '广告调度交叉数据去重报表'：27805 行数据
2026-01-31 01:02:41 - ERROR - 文件未找到: '/Users/lexin/PycharmProjects/媒体预算汇总/data/订单明细.xlsx' 不存在
2026-01-31 01:02:41 - CRITICAL - 
❌ 程序执行失败：'/Users/lexin/PycharmProjects/媒体预算汇总/data/订单明细.xlsx' 不存在
Traceback (most recent call last):
  File "C:\Users\ASUS\PycharmProjects\媒体预算汇总\main.py", line 604, in main
    processor.read_all_inputs()
    ~~~~~~~~~~~~~~~~~~~~~~~~~^^
  File "C:\Users\ASUS\PycharmProjects\媒体预算汇总\main.py", line 111, in read_all_inputs
    self.order_df = self._read_excel_file(self.config['ORDER_FILE'], self.config['ORDER_SHEET'])
                    ~~~~~~~~~~~~~~~~~~~~~^^^^^^^^^^^^^^^^^^^^^^^^^^^^^^^^^^^^^^^^^^^^^^^^^^^^^^^
  File "C:\Users\ASUS\PycharmProjects\媒体预算汇总\main.py", line 125, in _read_excel_file
    raise FileNotFoundError(f"'{file_path}' 不存在")
FileNotFoundError: '/Users/lexin/PycharmProjects/媒体预算汇总/data/订单明细.xlsx' 不存在
2026-01-31 01:03:30 - INFO - === 开始读取输入文件 ===
2026-01-31 01:03:40 - INFO - ✅ 读取 '广告调度交叉数据去重报表'：27805 行数据
2026-01-31 01:03:40 - INFO - ✅ 读取 '订单明细'：229 行数据
2026-01-31 01:03:40 - INFO - ✅ 读取考核配置：128 个配置号
2026-01-31 01:03:40 - INFO - === 所有输入文件读取完成 ===
2026-01-31 01:03:40 - INFO - 
=== 开始按平台筛选数据 ===
2026-01-31 01:03:40 - INFO - ✅ '45_微博'：筛选出 1532 行数据
2026-01-31 01:03:40 - WARNING - ⚠️  '120_网易新闻' 未筛选到数据
2026-01-31 01:03:40 - INFO - ✅ '130_优酷(媒体)CPA'：筛选出 158 行数据
2026-01-31 01:03:40 - INFO - ✅ '103_喜马拉雅-非官预算'：筛选出 149 行数据
2026-01-31 01:03:40 - INFO - ✅ '23_网易有道7.0'：筛选出 391 行数据
2026-01-31 01:03:40 - INFO - === 平台筛选完成 ===
2026-01-31 01:03:40 - INFO - 
=== 开始处理平台：45_微博 ===
2026-01-31 01:03:40 - INFO - 正在创建透视表...
2026-01-31 01:03:40 - INFO - 透视表创建完成：215 行数据
2026-01-31 01:03:40 - INFO - 正在合并订单明细数据...
2026-01-31 01:03:40 - INFO - 订单明细合并完成
2026-01-31 01:03:40 - INFO - 正在计算KPI...
2026-01-31 01:03:40 - INFO - 次留率计算字段：次日回访量
2026-01-31 01:03:40 - INFO - KPI计算完成
2026-01-31 01:03:40 - INFO - ✅ 平台 45_微博 处理完成：215 行结果
2026-01-31 01:03:40 - INFO - 
=== 开始处理平台：120_网易新闻 ===
2026-01-31 01:03:40 - INFO - 正在创建透视表...
2026-01-31 01:03:40 - WARNING - ⚠️  输入数据为空，返回空透视表
2026-01-31 01:03:40 - INFO - 正在计算KPI...
2026-01-31 01:03:40 - INFO - ✅ 平台 120_网易新闻 处理完成：0 行结果
2026-01-31 01:03:40 - INFO - 
=== 开始处理平台：130_优酷(媒体)CPA ===
2026-01-31 01:03:40 - INFO - 正在创建透视表...
2026-01-31 01:03:40 - INFO - 透视表创建完成：46 行数据
2026-01-31 01:03:40 - INFO - 正在合并订单明细数据...
2026-01-31 01:03:40 - INFO - 订单明细合并完成
2026-01-31 01:03:40 - INFO - 正在计算KPI...
2026-01-31 01:03:40 - INFO - 次留率计算字段：次日回访量
2026-01-31 01:03:40 - INFO - KPI计算完成
2026-01-31 01:03:40 - INFO - ✅ 平台 130_优酷(媒体)CPA 处理完成：46 行结果
2026-01-31 01:03:40 - INFO - 
=== 开始处理平台：103_喜马拉雅-非官预算 ===
2026-01-31 01:03:40 - INFO - 正在创建透视表...
2026-01-31 01:03:40 - INFO - 透视表创建完成：34 行数据
2026-01-31 01:03:40 - INFO - 正在合并订单明细数据...
2026-01-31 01:03:40 - INFO - 订单明细合并完成
2026-01-31 01:03:40 - INFO - 正在计算KPI...
2026-01-31 01:03:40 - INFO - 次留率计算字段：2日留存数
2026-01-31 01:03:40 - INFO - KPI计算完成
2026-01-31 01:03:40 - INFO - ✅ 平台 103_喜马拉雅-非官预算 处理完成：34 行结果
2026-01-31 01:03:40 - INFO - 
=== 开始处理平台：23_网易有道7.0 ===
2026-01-31 01:03:40 - INFO - 正在创建透视表...
2026-01-31 01:03:40 - INFO - 透视表创建完成：91 行数据
2026-01-31 01:03:40 - INFO - 正在合并订单明细数据...
2026-01-31 01:03:40 - INFO - 订单明细合并完成
2026-01-31 01:03:40 - INFO - 正在计算KPI...
2026-01-31 01:03:40 - INFO - 次留率计算字段：次日回访量
2026-01-31 01:03:40 - INFO - KPI计算完成
2026-01-31 01:03:40 - INFO - ✅ 平台 23_网易有道7.0 处理完成：91 行结果
2026-01-31 01:03:40 - INFO - 
=== 开始保存Excel文件 ===
2026-01-31 01:03:49 - INFO - 已写入 '配置号透视表（未合并）'：386 行数据
2026-01-31 01:03:49 - INFO - 正在为 '45_微博数据' 标红不达标项...
2026-01-31 01:03:49 - INFO - 已写入 '45_微博数据'：215 行数据
2026-01-31 01:03:49 - WARNING - ⚠️  '120_网易新闻数据' 数据为空，跳过写入
2026-01-31 01:03:49 - INFO - 已写入 '120_网易新闻数据'：0 行数据
2026-01-31 01:03:49 - INFO - 正在为 '130_优酷(媒体)CPA数据' 标红不达标项...
2026-01-31 01:03:49 - INFO - 已写入 '130_优酷(媒体)CPA数据'：46 行数据
2026-01-31 01:03:49 - INFO - 正在为 '103_喜马拉雅-非官预算数据' 标红不达标项...
2026-01-31 01:03:49 - INFO - 已写入 '103_喜马拉雅-非官预算数据'：34 行数据
2026-01-31 01:03:49 - INFO - 正在为 '23_网易有道7.0数据' 标红不达标项...
2026-01-31 01:03:49 - INFO - 已写入 '23_网易有道7.0数据'：91 行数据
2026-01-31 01:04:06 - INFO - 
🎉 所有处理完成！结果保存至：媒体预算日数据.xlsx
2026-01-31 01:17:10 - INFO - === 开始读取输入文件 ===
2026-01-31 01:17:30 - INFO - ✅ 读取 '广告调度交叉数据去重报表'：27805 行数据
2026-01-31 01:17:30 - INFO - ✅ 读取 '订单明细'：229 行数据
2026-01-31 01:17:30 - INFO - ✅ 读取考核配置：128 个配置号
2026-01-31 01:17:30 - INFO - === 所有输入文件读取完成 ===
2026-01-31 01:17:30 - INFO - 
=== 开始按平台筛选数据 ===
2026-01-31 01:17:30 - INFO - ✅ '45_微博'：筛选出 1532 行数据
2026-01-31 01:17:30 - WARNING - ⚠️  '120_网易新闻' 未筛选到数据
2026-01-31 01:17:30 - INFO - ✅ '130_优酷(媒体)CPA'：筛选出 158 行数据
2026-01-31 01:17:30 - INFO - ✅ '103_喜马拉雅-非官预算'：筛选出 149 行数据
2026-01-31 01:17:30 - INFO - ✅ '23_网易有道7.0'：筛选出 391 行数据
2026-01-31 01:17:30 - INFO - === 平台筛选完成 ===
2026-01-31 01:17:30 - INFO - 
=== 开始处理平台：45_微博 ===
2026-01-31 01:17:30 - INFO - 正在创建透视表...
2026-01-31 01:17:30 - INFO - 透视表创建完成：215 行数据
2026-01-31 01:17:30 - INFO - 正在合并订单明细数据...
2026-01-31 01:17:30 - INFO - 订单明细合并完成
2026-01-31 01:17:30 - INFO - 正在计算KPI...
2026-01-31 01:17:30 - INFO - 次留率计算字段：次日回访量
2026-01-31 01:17:31 - INFO - KPI计算完成
2026-01-31 01:17:31 - INFO - ✅ 平台 45_微博 处理完成：215 行结果
2026-01-31 01:17:31 - INFO - 
=== 开始处理平台：120_网易新闻 ===
2026-01-31 01:17:31 - INFO - 正在创建透视表...
2026-01-31 01:17:31 - WARNING - ⚠️  输入数据为空，返回空透视表
2026-01-31 01:17:31 - INFO - 正在计算KPI...
2026-01-31 01:17:31 - INFO - ✅ 平台 120_网易新闻 处理完成：0 行结果
2026-01-31 01:17:31 - INFO - 
=== 开始处理平台：130_优酷(媒体)CPA ===
2026-01-31 01:17:31 - INFO - 正在创建透视表...
2026-01-31 01:17:31 - INFO - 透视表创建完成：46 行数据
2026-01-31 01:17:31 - INFO - 正在合并订单明细数据...
2026-01-31 01:17:31 - INFO - 订单明细合并完成
2026-01-31 01:17:31 - INFO - 正在计算KPI...
2026-01-31 01:17:31 - INFO - 次留率计算字段：次日回访量
2026-01-31 01:17:31 - INFO - KPI计算完成
2026-01-31 01:17:31 - INFO - ✅ 平台 130_优酷(媒体)CPA 处理完成：46 行结果
2026-01-31 01:17:31 - INFO - 
=== 开始处理平台：103_喜马拉雅-非官预算 ===
2026-01-31 01:17:31 - INFO - 正在创建透视表...
2026-01-31 01:17:31 - INFO - 透视表创建完成：34 行数据
2026-01-31 01:17:31 - INFO - 正在合并订单明细数据...
2026-01-31 01:17:31 - INFO - 订单明细合并完成
2026-01-31 01:17:31 - INFO - 正在计算KPI...
2026-01-31 01:17:31 - INFO - 次留率计算字段：2日留存数
2026-01-31 01:17:31 - INFO - KPI计算完成
2026-01-31 01:17:31 - INFO - ✅ 平台 103_喜马拉雅-非官预算 处理完成：34 行结果
2026-01-31 01:17:31 - INFO - 
=== 开始处理平台：23_网易有道7.0 ===
2026-01-31 01:17:31 - INFO - 正在创建透视表...
2026-01-31 01:17:31 - INFO - 透视表创建完成：91 行数据
2026-01-31 01:17:31 - INFO - 正在合并订单明细数据...
2026-01-31 01:17:31 - INFO - 订单明细合并完成
2026-01-31 01:17:31 - INFO - 正在计算KPI...
2026-01-31 01:17:31 - INFO - 次留率计算字段：次日回访量
2026-01-31 01:17:32 - INFO - KPI计算完成
2026-01-31 01:17:32 - INFO - ✅ 平台 23_网易有道7.0 处理完成：91 行结果
2026-01-31 01:39:40 - INFO - === 开始读取输入文件 ===
2026-01-31 01:39:54 - INFO - ✅ 读取 '广告调度交叉数据去重报表'：27805 行数据
2026-01-31 01:39:54 - INFO - ✅ 读取 '订单明细'：229 行数据
2026-01-31 01:39:54 - INFO - ✅ 读取考核配置：128 个配置号
2026-01-31 01:39:54 - INFO - === 所有输入文件读取完成 ===
2026-01-31 01:39:54 - INFO - 
=== 开始按平台筛选数据 ===
2026-01-31 01:39:54 - INFO - ✅ '45_微博'：筛选出 1532 行数据
2026-01-31 01:39:54 - WARNING - ⚠️  '120_网易新闻' 未筛选到数据
2026-01-31 01:39:54 - INFO - ✅ '130_优酷(媒体)CPA'：筛选出 158 行数据
2026-01-31 01:39:54 - INFO - ✅ '103_喜马拉雅-非官预算'：筛选出 149 行数据
2026-01-31 01:39:54 - INFO - ✅ '23_网易有道7.0'：筛选出 391 行数据
2026-01-31 01:39:54 - INFO - === 平台筛选完成 ===
2026-01-31 01:39:54 - INFO - 
=== 开始处理平台：45_微博 ===
2026-01-31 01:39:54 - INFO - 正在创建透视表...
2026-01-31 01:39:54 - INFO - 透视表创建完成：215 行数据
2026-01-31 01:39:54 - INFO - 正在合并订单明细数据...
2026-01-31 01:39:54 - INFO - 订单明细合并完成
2026-01-31 01:39:54 - INFO - 正在计算KPI...
2026-01-31 01:39:54 - INFO - 次留率计算字段：次日回访量
2026-01-31 01:39:55 - INFO - KPI计算完成
2026-01-31 01:39:55 - INFO - ✅ 平台 45_微博 处理完成：215 行结果
2026-01-31 01:39:55 - INFO - 
=== 开始处理平台：120_网易新闻 ===
2026-01-31 01:39:55 - INFO - 正在创建透视表...
2026-01-31 01:39:55 - WARNING - ⚠️  输入数据为空，返回空透视表
2026-01-31 01:39:55 - INFO - 正在计算KPI...
2026-01-31 01:39:55 - INFO - ✅ 平台 120_网易新闻 处理完成：0 行结果
2026-01-31 01:39:55 - INFO - 
=== 开始处理平台：130_优酷(媒体)CPA ===
2026-01-31 01:39:55 - INFO - 正在创建透视表...
2026-01-31 01:39:55 - INFO - 透视表创建完成：46 行数据
2026-01-31 01:39:55 - INFO - 正在合并订单明细数据...
2026-01-31 01:39:55 - INFO - 订单明细合并完成
2026-01-31 01:39:55 - INFO - 正在计算KPI...
2026-01-31 01:39:55 - INFO - 次留率计算字段：次日回访量
2026-01-31 01:39:55 - INFO - KPI计算完成
2026-01-31 01:39:55 - INFO - ✅ 平台 130_优酷(媒体)CPA 处理完成：46 行结果
2026-01-31 01:39:55 - INFO - 
=== 开始处理平台：103_喜马拉雅-非官预算 ===
2026-01-31 01:39:55 - INFO - 正在创建透视表...
2026-01-31 01:39:55 - INFO - 透视表创建完成：34 行数据
2026-01-31 01:39:55 - INFO - 正在合并订单明细数据...
2026-01-31 01:39:55 - INFO - 订单明细合并完成
2026-01-31 01:39:55 - INFO - 正在计算KPI...
2026-01-31 01:39:55 - INFO - 次留率计算字段：2日留存数
2026-01-31 01:39:56 - INFO - KPI计算完成
2026-01-31 01:39:56 - INFO - ✅ 平台 103_喜马拉雅-非官预算 处理完成：34 行结果
2026-01-31 01:39:56 - INFO - 
=== 开始处理平台：23_网易有道7.0 ===
2026-01-31 01:39:56 - INFO - 正在创建透视表...
2026-01-31 01:39:56 - INFO - 透视表创建完成：91 行数据
2026-01-31 01:39:56 - INFO - 正在合并订单明细数据...
2026-01-31 01:39:56 - INFO - 订单明细合并完成
2026-01-31 01:39:56 - INFO - 正在计算KPI...
2026-01-31 01:39:56 - INFO - 次留率计算字段：次日回访量
2026-01-31 01:39:56 - INFO - KPI计算完成
2026-01-31 01:39:56 - INFO - ✅ 平台 23_网易有道7.0 处理完成：91 行结果
2026-01-31 01:43:51 - INFO - === 开始读取输入文件 ===
2026-01-31 01:44:05 - INFO - ✅ 读取 '广告调度交叉数据去重报表'：27805 行数据
2026-01-31 01:44:05 - INFO - ✅ 读取 '订单明细'：229 行数据
2026-01-31 01:44:05 - INFO - ✅ 读取考核配置：128 个配置号
2026-01-31 01:44:05 - INFO - === 所有输入文件读取完成 ===
2026-01-31 01:44:05 - INFO - 
=== 开始按平台筛选数据 ===
2026-01-31 01:44:05 - INFO - ✅ '45_微博'：筛选出 1532 行数据
2026-01-31 01:44:05 - WARNING - ⚠️  '120_网易新闻' 未筛选到数据
2026-01-31 01:44:05 - INFO - ✅ '130_优酷(媒体)CPA'：筛选出 158 行数据
2026-01-31 01:44:05 - INFO - ✅ '103_喜马拉雅-非官预算'：筛选出 149 行数据
2026-01-31 01:44:05 - INFO - ✅ '23_网易有道7.0'：筛选出 391 行数据
2026-01-31 01:44:05 - INFO - === 平台筛选完成 ===
2026-01-31 01:44:05 - INFO - 
=== 开始处理平台：45_微博 ===
2026-01-31 01:44:05 - INFO - 正在创建透视表...
2026-01-31 01:44:05 - INFO - 透视表创建完成：215 行数据
2026-01-31 01:44:05 - INFO - 正在合并订单明细数据...
2026-01-31 01:44:05 - INFO - 订单明细合并完成
2026-01-31 01:44:05 - INFO - 正在计算KPI...
2026-01-31 01:44:05 - INFO - 次留率计算字段：次日回访量
2026-01-31 01:44:06 - INFO - KPI计算完成
2026-01-31 01:44:06 - INFO - ✅ 平台 45_微博 处理完成：215 行结果
2026-01-31 01:44:06 - INFO - 
=== 开始处理平台：120_网易新闻 ===
2026-01-31 01:44:06 - INFO - 正在创建透视表...
2026-01-31 01:44:06 - WARNING - ⚠️  输入数据为空，返回空透视表
2026-01-31 01:44:06 - INFO - 正在计算KPI...
2026-01-31 01:44:06 - INFO - ✅ 平台 120_网易新闻 处理完成：0 行结果
2026-01-31 01:44:06 - INFO - 
=== 开始处理平台：130_优酷(媒体)CPA ===
2026-01-31 01:44:06 - INFO - 正在创建透视表...
2026-01-31 01:44:06 - INFO - 透视表创建完成：46 行数据
2026-01-31 01:44:06 - INFO - 正在合并订单明细数据...
2026-01-31 01:44:06 - INFO - 订单明细合并完成
2026-01-31 01:44:06 - INFO - 正在计算KPI...
2026-01-31 01:44:06 - INFO - 次留率计算字段：次日回访量
2026-01-31 01:44:06 - INFO - KPI计算完成
2026-01-31 01:44:06 - INFO - ✅ 平台 130_优酷(媒体)CPA 处理完成：46 行结果
2026-01-31 01:44:06 - INFO - 
=== 开始处理平台：103_喜马拉雅-非官预算 ===
2026-01-31 01:44:06 - INFO - 正在创建透视表...
2026-01-31 01:44:06 - INFO - 透视表创建完成：34 行数据
2026-01-31 01:44:06 - INFO - 正在合并订单明细数据...
2026-01-31 01:44:06 - INFO - 订单明细合并完成
2026-01-31 01:44:06 - INFO - 正在计算KPI...
2026-01-31 01:44:06 - INFO - 次留率计算字段：2日留存数
2026-01-31 01:44:07 - INFO - KPI计算完成
2026-01-31 01:44:07 - INFO - ✅ 平台 103_喜马拉雅-非官预算 处理完成：34 行结果
2026-01-31 01:44:07 - INFO - 
=== 开始处理平台：23_网易有道7.0 ===
2026-01-31 01:44:07 - INFO - 正在创建透视表...
2026-01-31 01:44:07 - INFO - 透视表创建完成：91 行数据
2026-01-31 01:44:07 - INFO - 正在合并订单明细数据...
2026-01-31 01:44:07 - INFO - 订单明细合并完成
2026-01-31 01:44:07 - INFO - 正在计算KPI...
2026-01-31 01:44:07 - INFO - 次留率计算字段：次日回访量
2026-01-31 01:44:07 - INFO - KPI计算完成
2026-01-31 01:44:07 - INFO - ✅ 平台 23_网易有道7.0 处理完成：91 行结果
2026-01-31 01:45:45 - INFO - === 开始读取输入文件 ===
2026-01-31 01:46:00 - INFO - ✅ 读取 '广告调度交叉数据去重报表'：27805 行数据
2026-01-31 01:46:00 - INFO - ✅ 读取 '订单明细'：229 行数据
2026-01-31 01:46:00 - INFO - ✅ 读取考核配置：128 个配置号
2026-01-31 01:46:00 - INFO - === 所有输入文件读取完成 ===
2026-01-31 01:46:00 - INFO - 
=== 开始按平台筛选数据 ===
2026-01-31 01:46:00 - INFO - ✅ '45_微博'：筛选出 1532 行数据
2026-01-31 01:46:00 - WARNING - ⚠️  '120_网易新闻' 未筛选到数据
2026-01-31 01:46:00 - INFO - ✅ '130_优酷(媒体)CPA'：筛选出 158 行数据
2026-01-31 01:46:00 - INFO - ✅ '103_喜马拉雅-非官预算'：筛选出 149 行数据
2026-01-31 01:46:00 - INFO - ✅ '23_网易有道7.0'：筛选出 391 行数据
2026-01-31 01:46:00 - INFO - === 平台筛选完成 ===
2026-01-31 01:46:00 - INFO - 
=== 开始处理平台：45_微博 ===
2026-01-31 01:46:00 - INFO - 正在创建透视表...
2026-01-31 01:46:00 - INFO - 透视表创建完成：215 行数据
2026-01-31 01:46:00 - INFO - 正在合并订单明细数据...
2026-01-31 01:46:00 - INFO - 订单明细合并完成
2026-01-31 01:46:00 - INFO - 正在计算KPI...
2026-01-31 01:46:00 - INFO - 次留率计算字段：次日回访量
2026-01-31 01:46:01 - INFO - KPI计算完成
2026-01-31 01:46:01 - INFO - ✅ 平台 45_微博 处理完成：215 行结果
2026-01-31 01:46:01 - INFO - 
=== 开始处理平台：120_网易新闻 ===
2026-01-31 01:46:01 - INFO - 正在创建透视表...
2026-01-31 01:46:01 - WARNING - ⚠️  输入数据为空，返回空透视表
2026-01-31 01:46:01 - INFO - 正在计算KPI...
2026-01-31 01:46:01 - INFO - ✅ 平台 120_网易新闻 处理完成：0 行结果
2026-01-31 01:46:01 - INFO - 
=== 开始处理平台：130_优酷(媒体)CPA ===
2026-01-31 01:46:01 - INFO - 正在创建透视表...
2026-01-31 01:46:01 - INFO - 透视表创建完成：46 行数据
2026-01-31 01:46:01 - INFO - 正在合并订单明细数据...
2026-01-31 01:46:01 - INFO - 订单明细合并完成
2026-01-31 01:46:01 - INFO - 正在计算KPI...
2026-01-31 01:46:01 - INFO - 次留率计算字段：次日回访量
2026-01-31 01:46:01 - INFO - KPI计算完成
2026-01-31 01:46:01 - INFO - ✅ 平台 130_优酷(媒体)CPA 处理完成：46 行结果
2026-01-31 01:46:01 - INFO - 
=== 开始处理平台：103_喜马拉雅-非官预算 ===
2026-01-31 01:46:01 - INFO - 正在创建透视表...
2026-01-31 01:46:01 - INFO - 透视表创建完成：34 行数据
2026-01-31 01:46:01 - INFO - 正在合并订单明细数据...
2026-01-31 01:46:01 - INFO - 订单明细合并完成
2026-01-31 01:46:01 - INFO - 正在计算KPI...
2026-01-31 01:46:01 - INFO - 次留率计算字段：2日留存数
2026-01-31 01:46:01 - INFO - KPI计算完成
2026-01-31 01:46:01 - INFO - ✅ 平台 103_喜马拉雅-非官预算 处理完成：34 行结果
2026-01-31 01:46:01 - INFO - 
=== 开始处理平台：23_网易有道7.0 ===
2026-01-31 01:46:01 - INFO - 正在创建透视表...
2026-01-31 01:46:01 - INFO - 透视表创建完成：91 行数据
2026-01-31 01:46:01 - INFO - 正在合并订单明细数据...
2026-01-31 01:46:01 - INFO - 订单明细合并完成
2026-01-31 01:46:01 - INFO - 正在计算KPI...
2026-01-31 01:46:01 - INFO - 次留率计算字段：次日回访量
2026-01-31 01:46:02 - INFO - KPI计算完成
2026-01-31 01:46:02 - INFO - ✅ 平台 23_网易有道7.0 处理完成：91 行结果
2026-01-31 01:47:23 - INFO - === 开始读取输入文件 ===
2026-01-31 01:47:37 - INFO - ✅ 读取 '广告调度交叉数据去重报表'：27805 行数据
2026-01-31 01:47:37 - INFO - ✅ 读取 '订单明细'：229 行数据
2026-01-31 01:47:37 - INFO - ✅ 读取考核配置：128 个配置号
2026-01-31 01:47:37 - INFO - === 所有输入文件读取完成 ===
2026-01-31 01:47:37 - INFO - 
=== 开始按平台筛选数据 ===
2026-01-31 01:47:37 - INFO - ✅ '45_微博'：筛选出 1532 行数据
2026-01-31 01:47:37 - WARNING - ⚠️  '120_网易新闻' 未筛选到数据
2026-01-31 01:47:37 - INFO - ✅ '130_优酷(媒体)CPA'：筛选出 158 行数据
2026-01-31 01:47:37 - INFO - ✅ '103_喜马拉雅-非官预算'：筛选出 149 行数据
2026-01-31 01:47:37 - INFO - ✅ '23_网易有道7.0'：筛选出 391 行数据
2026-01-31 01:47:37 - INFO - === 平台筛选完成 ===
2026-01-31 01:47:37 - INFO - 
=== 开始处理平台：45_微博 ===
2026-01-31 01:47:37 - INFO - 正在创建透视表...
2026-01-31 01:47:37 - INFO - 透视表创建完成：215 行数据
2026-01-31 01:47:37 - INFO - 正在合并订单明细数据...
2026-01-31 01:47:37 - INFO - 订单明细合并完成
2026-01-31 01:47:37 - INFO - 正在计算KPI...
2026-01-31 01:47:37 - INFO - 次留率计算字段：次日回访量
2026-01-31 01:47:38 - INFO - KPI计算完成
2026-01-31 01:47:38 - INFO - ✅ 平台 45_微博 处理完成：215 行结果
2026-01-31 01:47:38 - INFO - 
=== 开始处理平台：120_网易新闻 ===
2026-01-31 01:47:38 - INFO - 正在创建透视表...
2026-01-31 01:47:38 - WARNING - ⚠️  输入数据为空，返回空透视表
2026-01-31 01:47:38 - INFO - 正在计算KPI...
2026-01-31 01:47:38 - INFO - ✅ 平台 120_网易新闻 处理完成：0 行结果
2026-01-31 01:47:38 - INFO - 
=== 开始处理平台：130_优酷(媒体)CPA ===
2026-01-31 01:47:38 - INFO - 正在创建透视表...
2026-01-31 01:47:38 - INFO - 透视表创建完成：46 行数据
2026-01-31 01:47:38 - INFO - 正在合并订单明细数据...
2026-01-31 01:47:38 - INFO - 订单明细合并完成
2026-01-31 01:47:38 - INFO - 正在计算KPI...
2026-01-31 01:47:38 - INFO - 次留率计算字段：次日回访量
2026-01-31 01:47:38 - INFO - KPI计算完成
2026-01-31 01:47:38 - INFO - ✅ 平台 130_优酷(媒体)CPA 处理完成：46 行结果
2026-01-31 01:47:38 - INFO - 
=== 开始处理平台：103_喜马拉雅-非官预算 ===
2026-01-31 01:47:38 - INFO - 正在创建透视表...
2026-01-31 01:47:38 - INFO - 透视表创建完成：34 行数据
2026-01-31 01:47:38 - INFO - 正在合并订单明细数据...
2026-01-31 01:47:38 - INFO - 订单明细合并完成
2026-01-31 01:47:38 - INFO - 正在计算KPI...
2026-01-31 01:47:38 - INFO - 次留率计算字段：2日留存数
2026-01-31 01:47:39 - INFO - KPI计算完成
2026-01-31 01:47:39 - INFO - ✅ 平台 103_喜马拉雅-非官预算 处理完成：34 行结果
2026-01-31 01:47:39 - INFO - 
=== 开始处理平台：23_网易有道7.0 ===
2026-01-31 01:47:39 - INFO - 正在创建透视表...
2026-01-31 01:47:39 - INFO - 透视表创建完成：91 行数据
2026-01-31 01:47:39 - INFO - 正在合并订单明细数据...
2026-01-31 01:47:39 - INFO - 订单明细合并完成
2026-01-31 01:47:39 - INFO - 正在计算KPI...
2026-01-31 01:47:39 - INFO - 次留率计算字段：次日回访量
2026-01-31 01:47:39 - INFO - KPI计算完成
2026-01-31 01:47:39 - INFO - ✅ 平台 23_网易有道7.0 处理完成：91 行结果
2026-01-31 01:49:10 - INFO - === 开始读取输入文件 ===
2026-01-31 01:49:20 - INFO - ✅ 读取 '广告调度交叉数据去重报表'：27805 行数据
2026-01-31 01:49:20 - INFO - ✅ 读取 '订单明细'：229 行数据
2026-01-31 01:49:20 - INFO - ✅ 读取考核配置：128 个配置号
2026-01-31 01:49:20 - INFO - === 所有输入文件读取完成 ===
2026-01-31 01:49:20 - INFO - 
=== 开始按平台筛选数据 ===
2026-01-31 01:49:20 - INFO - ✅ '45_微博'：筛选出 1532 行数据
2026-01-31 01:49:20 - WARNING - ⚠️  '120_网易新闻' 未筛选到数据
2026-01-31 01:49:20 - INFO - ✅ '130_优酷(媒体)CPA'：筛选出 158 行数据
2026-01-31 01:49:20 - INFO - ✅ '103_喜马拉雅-非官预算'：筛选出 149 行数据
2026-01-31 01:49:20 - INFO - ✅ '23_网易有道7.0'：筛选出 391 行数据
2026-01-31 01:49:20 - INFO - === 平台筛选完成 ===
2026-01-31 01:49:20 - INFO - 
=== 开始处理平台：45_微博 ===
2026-01-31 01:49:20 - INFO - 正在创建透视表...
2026-01-31 01:49:20 - INFO - 透视表创建完成：215 行数据
2026-01-31 01:49:20 - INFO - 正在合并订单明细数据...
2026-01-31 01:49:20 - INFO - 订单明细合并完成
2026-01-31 01:49:20 - INFO - 正在计算KPI...
2026-01-31 01:49:20 - INFO - 次留率计算字段：次日回访量
2026-01-31 01:49:20 - INFO - KPI计算完成
2026-01-31 01:49:20 - INFO - ✅ 平台 45_微博 处理完成：215 行结果
2026-01-31 01:49:20 - INFO - 
=== 开始处理平台：120_网易新闻 ===
2026-01-31 01:49:20 - INFO - 正在创建透视表...
2026-01-31 01:49:20 - WARNING - ⚠️  输入数据为空，返回空透视表
2026-01-31 01:49:20 - INFO - 正在计算KPI...
2026-01-31 01:49:20 - INFO - ✅ 平台 120_网易新闻 处理完成：0 行结果
2026-01-31 01:49:20 - INFO - 
=== 开始处理平台：130_优酷(媒体)CPA ===
2026-01-31 01:49:20 - INFO - 正在创建透视表...
2026-01-31 01:49:20 - INFO - 透视表创建完成：46 行数据
2026-01-31 01:49:20 - INFO - 正在合并订单明细数据...
2026-01-31 01:49:20 - INFO - 订单明细合并完成
2026-01-31 01:49:20 - INFO - 正在计算KPI...
2026-01-31 01:49:20 - INFO - 次留率计算字段：次日回访量
2026-01-31 01:49:20 - INFO - KPI计算完成
2026-01-31 01:49:20 - INFO - ✅ 平台 130_优酷(媒体)CPA 处理完成：46 行结果
2026-01-31 01:49:20 - INFO - 
=== 开始处理平台：103_喜马拉雅-非官预算 ===
2026-01-31 01:49:20 - INFO - 正在创建透视表...
2026-01-31 01:49:20 - INFO - 透视表创建完成：34 行数据
2026-01-31 01:49:20 - INFO - 正在合并订单明细数据...
2026-01-31 01:49:20 - INFO - 订单明细合并完成
2026-01-31 01:49:20 - INFO - 正在计算KPI...
2026-01-31 01:49:20 - INFO - 次留率计算字段：2日留存数
2026-01-31 01:49:20 - INFO - KPI计算完成
2026-01-31 01:49:20 - INFO - ✅ 平台 103_喜马拉雅-非官预算 处理完成：34 行结果
2026-01-31 01:49:20 - INFO - 
=== 开始处理平台：23_网易有道7.0 ===
2026-01-31 01:49:20 - INFO - 正在创建透视表...
2026-01-31 01:49:20 - INFO - 透视表创建完成：91 行数据
2026-01-31 01:49:20 - INFO - 正在合并订单明细数据...
2026-01-31 01:49:20 - INFO - 订单明细合并完成
2026-01-31 01:49:20 - INFO - 正在计算KPI...
2026-01-31 01:49:20 - INFO - 次留率计算字段：次日回访量
2026-01-31 01:49:20 - INFO - KPI计算完成
2026-01-31 01:49:20 - INFO - ✅ 平台 23_网易有道7.0 处理完成：91 行结果
2026-01-31 01:49:20 - INFO - 
=== 开始保存Excel文件 ===
2026-01-31 01:49:29 - INFO - 已写入 '配置号透视表（未合并）'：386 行数据
2026-01-31 01:49:29 - INFO - 正在为 '45_微博数据' 标红不达标项...
2026-01-31 01:49:29 - INFO - 已写入 '45_微博数据'：215 行数据
2026-01-31 01:49:29 - WARNING - ⚠️  '120_网易新闻数据' 数据为空，跳过写入
2026-01-31 01:49:29 - INFO - 已写入 '120_网易新闻数据'：0 行数据
2026-01-31 01:49:29 - INFO - 正在为 '130_优酷(媒体)CPA数据' 标红不达标项...
2026-01-31 01:49:29 - INFO - 已写入 '130_优酷(媒体)CPA数据'：46 行数据
2026-01-31 01:49:29 - INFO - 正在为 '103_喜马拉雅-非官预算数据' 标红不达标项...
2026-01-31 01:49:29 - INFO - 已写入 '103_喜马拉雅-非官预算数据'：34 行数据
2026-01-31 01:49:29 - INFO - 正在为 '23_网易有道7.0数据' 标红不达标项...
2026-01-31 01:49:29 - INFO - 已写入 '23_网易有道7.0数据'：91 行数据
2026-01-31 01:49:47 - INFO - 
🎉 所有处理完成！结果保存至：媒体预算日数据.xlsx
2026-01-31 01:59:16 - INFO - === 开始读取输入文件 ===
2026-01-31 01:59:26 - INFO - ✅ 读取 '广告调度交叉数据去重报表'：27805 行数据
2026-01-31 01:59:26 - INFO - ✅ 读取 '订单明细'：229 行数据
2026-01-31 01:59:26 - INFO - ✅ 读取考核配置：128 个配置号
2026-01-31 01:59:26 - INFO - === 所有输入文件读取完成 ===
2026-01-31 01:59:26 - INFO - 
=== 开始按平台筛选数据 ===
2026-01-31 01:59:26 - INFO - ✅ '45_微博'：筛选出 1532 行数据
2026-01-31 01:59:26 - WARNING - ⚠️  '120_网易新闻' 未筛选到数据
2026-01-31 01:59:26 - INFO - ✅ '130_优酷(媒体)CPA'：筛选出 158 行数据
2026-01-31 01:59:26 - INFO - ✅ '103_喜马拉雅-非官预算'：筛选出 149 行数据
2026-01-31 01:59:26 - INFO - ✅ '23_网易有道7.0'：筛选出 391 行数据
2026-01-31 01:59:26 - INFO - === 平台筛选完成 ===
2026-01-31 01:59:26 - INFO - 
=== 开始处理平台：45_微博 ===
2026-01-31 01:59:26 - INFO - 正在创建透视表...
2026-01-31 01:59:26 - INFO - 透视表创建完成：215 行数据
2026-01-31 01:59:26 - INFO - 正在合并订单明细数据...
2026-01-31 01:59:26 - INFO - 订单明细合并完成
2026-01-31 01:59:26 - INFO - 正在计算KPI...
2026-01-31 01:59:26 - INFO - 次留率计算字段：次日回访量
2026-01-31 01:59:26 - INFO - KPI计算完成
2026-01-31 01:59:26 - INFO - ✅ 平台 45_微博 处理完成：215 行结果
2026-01-31 01:59:26 - INFO - 
=== 开始处理平台：120_网易新闻 ===
2026-01-31 01:59:26 - INFO - 正在创建透视表...
2026-01-31 01:59:26 - WARNING - ⚠️  输入数据为空，返回空透视表
2026-01-31 01:59:26 - INFO - 正在计算KPI...
2026-01-31 01:59:26 - INFO - ✅ 平台 120_网易新闻 处理完成：0 行结果
2026-01-31 01:59:26 - INFO - 
=== 开始处理平台：130_优酷(媒体)CPA ===
2026-01-31 01:59:26 - INFO - 正在创建透视表...
2026-01-31 01:59:26 - INFO - 透视表创建完成：46 行数据
2026-01-31 01:59:26 - INFO - 正在合并订单明细数据...
2026-01-31 01:59:26 - INFO - 订单明细合并完成
2026-01-31 01:59:26 - INFO - 正在计算KPI...
2026-01-31 01:59:26 - INFO - 次留率计算字段：次日回访量
2026-01-31 01:59:26 - INFO - KPI计算完成
2026-01-31 01:59:26 - INFO - ✅ 平台 130_优酷(媒体)CPA 处理完成：46 行结果
2026-01-31 01:59:26 - INFO - 
=== 开始处理平台：103_喜马拉雅-非官预算 ===
2026-01-31 01:59:26 - INFO - 正在创建透视表...
2026-01-31 01:59:26 - INFO - 透视表创建完成：34 行数据
2026-01-31 01:59:26 - INFO - 正在合并订单明细数据...
2026-01-31 01:59:26 - INFO - 订单明细合并完成
2026-01-31 01:59:26 - INFO - 正在计算KPI...
2026-01-31 01:59:26 - INFO - 次留率计算字段：2日留存数
2026-01-31 01:59:27 - INFO - KPI计算完成
2026-01-31 01:59:27 - INFO - ✅ 平台 103_喜马拉雅-非官预算 处理完成：34 行结果
2026-01-31 01:59:27 - INFO - 
=== 开始处理平台：23_网易有道7.0 ===
2026-01-31 01:59:27 - INFO - 正在创建透视表...
2026-01-31 01:59:27 - INFO - 透视表创建完成：91 行数据
2026-01-31 01:59:27 - INFO - 正在合并订单明细数据...
2026-01-31 01:59:27 - INFO - 订单明细合并完成
2026-01-31 01:59:27 - INFO - 正在计算KPI...
2026-01-31 01:59:27 - INFO - 次留率计算字段：次日回访量
2026-01-31 01:59:27 - INFO - KPI计算完成
2026-01-31 01:59:27 - INFO - ✅ 平台 23_网易有道7.0 处理完成：91 行结果
2026-01-31 01:59:27 - INFO - 
=== 开始保存Excel文件 (原定逻辑) ===
2026-01-31 01:59:27 - CRITICAL - 
❌ 程序执行失败：[Errno 13] Permission denied: '媒体预算日数据.xlsx'
Traceback (most recent call last):
  File "C:\Users\ASUS\PycharmProjects\媒体预算汇总\main.py", line 629, in main
    processor.save_to_excel(processed_data)
    ~~~~~~~~~~~~~~~~~~~~~~~^^^^^^^^^^^^^^^^
  File "C:\Users\ASUS\PycharmProjects\媒体预算汇总\main.py", line 505, in save_to_excel
    with pd.ExcelWriter(output_path, engine='openpyxl') as writer:
         ~~~~~~~~~~~~~~^^^^^^^^^^^^^^^^^^^^^^^^^^^^^^^^
  File "C:\Users\ASUS\PycharmProjects\媒体预算汇总\.venv\Lib\site-packages\pandas\io\excel\_openpyxl.py", line 61, in __init__
    super().__init__(
    ~~~~~~~~~~~~~~~~^
        path,
        ^^^^^
    ...<3 lines>...
        engine_kwargs=engine_kwargs,
        ^^^^^^^^^^^^^^^^^^^^^^^^^^^^
    )
    ^
  File "C:\Users\ASUS\PycharmProjects\媒体预算汇总\.venv\Lib\site-packages\pandas\io\excel\_base.py", line 1246, in __init__
    self._handles = get_handle(
                    ~~~~~~~~~~^
        path, mode, storage_options=storage_options, is_text=False
        ^^^^^^^^^^^^^^^^^^^^^^^^^^^^^^^^^^^^^^^^^^^^^^^^^^^^^^^^^^
    )
    ^
  File "C:\Users\ASUS\PycharmProjects\媒体预算汇总\.venv\Lib\site-packages\pandas\io\common.py", line 882, in get_handle
    handle = open(handle, ioargs.mode)
PermissionError: [Errno 13] Permission denied: '媒体预算日数据.xlsx'
2026-01-31 01:59:49 - INFO - === 开始读取输入文件 ===
2026-01-31 01:59:59 - INFO - ✅ 读取 '广告调度交叉数据去重报表'：27805 行数据
2026-01-31 01:59:59 - INFO - ✅ 读取 '订单明细'：229 行数据
2026-01-31 01:59:59 - INFO - ✅ 读取考核配置：128 个配置号
2026-01-31 01:59:59 - INFO - === 所有输入文件读取完成 ===
2026-01-31 01:59:59 - INFO - 
=== 开始按平台筛选数据 ===
2026-01-31 01:59:59 - INFO - ✅ '45_微博'：筛选出 1532 行数据
2026-01-31 01:59:59 - WARNING - ⚠️  '120_网易新闻' 未筛选到数据
2026-01-31 01:59:59 - INFO - ✅ '130_优酷(媒体)CPA'：筛选出 158 行数据
2026-01-31 01:59:59 - INFO - ✅ '103_喜马拉雅-非官预算'：筛选出 149 行数据
2026-01-31 01:59:59 - INFO - ✅ '23_网易有道7.0'：筛选出 391 行数据
2026-01-31 01:59:59 - INFO - === 平台筛选完成 ===
2026-01-31 01:59:59 - INFO - 
=== 开始处理平台：45_微博 ===
2026-01-31 01:59:59 - INFO - 正在创建透视表...
2026-01-31 01:59:59 - INFO - 透视表创建完成：215 行数据
2026-01-31 01:59:59 - INFO - 正在合并订单明细数据...
2026-01-31 01:59:59 - INFO - 订单明细合并完成
2026-01-31 01:59:59 - INFO - 正在计算KPI...
2026-01-31 01:59:59 - INFO - 次留率计算字段：次日回访量
2026-01-31 01:59:59 - INFO - KPI计算完成
2026-01-31 01:59:59 - INFO - ✅ 平台 45_微博 处理完成：215 行结果
2026-01-31 01:59:59 - INFO - 
=== 开始处理平台：120_网易新闻 ===
2026-01-31 01:59:59 - INFO - 正在创建透视表...
2026-01-31 01:59:59 - WARNING - ⚠️  输入数据为空，返回空透视表
2026-01-31 01:59:59 - INFO - 正在计算KPI...
2026-01-31 01:59:59 - INFO - ✅ 平台 120_网易新闻 处理完成：0 行结果
2026-01-31 01:59:59 - INFO - 
=== 开始处理平台：130_优酷(媒体)CPA ===
2026-01-31 01:59:59 - INFO - 正在创建透视表...
2026-01-31 01:59:59 - INFO - 透视表创建完成：46 行数据
2026-01-31 01:59:59 - INFO - 正在合并订单明细数据...
2026-01-31 01:59:59 - INFO - 订单明细合并完成
2026-01-31 01:59:59 - INFO - 正在计算KPI...
2026-01-31 01:59:59 - INFO - 次留率计算字段：次日回访量
2026-01-31 01:59:59 - INFO - KPI计算完成
2026-01-31 01:59:59 - INFO - ✅ 平台 130_优酷(媒体)CPA 处理完成：46 行结果
2026-01-31 01:59:59 - INFO - 
=== 开始处理平台：103_喜马拉雅-非官预算 ===
2026-01-31 01:59:59 - INFO - 正在创建透视表...
2026-01-31 01:59:59 - INFO - 透视表创建完成：34 行数据
2026-01-31 01:59:59 - INFO - 正在合并订单明细数据...
2026-01-31 01:59:59 - INFO - 订单明细合并完成
2026-01-31 01:59:59 - INFO - 正在计算KPI...
2026-01-31 01:59:59 - INFO - 次留率计算字段：2日留存数
2026-01-31 01:59:59 - INFO - KPI计算完成
2026-01-31 01:59:59 - INFO - ✅ 平台 103_喜马拉雅-非官预算 处理完成：34 行结果
2026-01-31 01:59:59 - INFO - 
=== 开始处理平台：23_网易有道7.0 ===
2026-01-31 01:59:59 - INFO - 正在创建透视表...
2026-01-31 01:59:59 - INFO - 透视表创建完成：91 行数据
2026-01-31 01:59:59 - INFO - 正在合并订单明细数据...
2026-01-31 01:59:59 - INFO - 订单明细合并完成
2026-01-31 01:59:59 - INFO - 正在计算KPI...
2026-01-31 01:59:59 - INFO - 次留率计算字段：次日回访量
2026-01-31 01:59:59 - INFO - KPI计算完成
2026-01-31 01:59:59 - INFO - ✅ 平台 23_网易有道7.0 处理完成：91 行结果
2026-01-31 01:59:59 - INFO - 
=== 开始保存Excel文件 (原定逻辑) ===
2026-01-31 02:00:08 - INFO - 已写入 '配置号透视表（未合并）'：386 行数据
2026-01-31 02:00:08 - INFO - 正在为 '45_微博数据' 标红不达标项...
2026-01-31 02:00:08 - INFO - 已写入 '45_微博数据'：215 行数据
2026-01-31 02:00:08 - WARNING - ⚠️  '120_网易新闻数据' 数据为空，跳过写入
2026-01-31 02:00:08 - INFO - 已写入 '120_网易新闻数据'：0 行数据
2026-01-31 02:00:08 - INFO - 正在为 '130_优酷(媒体)CPA数据' 标红不达标项...
2026-01-31 02:00:08 - INFO - 已写入 '130_优酷(媒体)CPA数据'：46 行数据
2026-01-31 02:00:08 - INFO - 正在为 '103_喜马拉雅-非官预算数据' 标红不达标项...
2026-01-31 02:00:08 - INFO - 已写入 '103_喜马拉雅-非官预算数据'：34 行数据
2026-01-31 02:00:08 - INFO - 正在为 '23_网易有道7.0数据' 标红不达标项...
2026-01-31 02:00:08 - INFO - 已写入 '23_网易有道7.0数据'：91 行数据
2026-01-31 02:00:25 - INFO - 正在同步生成看板明细文件: 媒体预算日数据_含ID明细.xlsx
2026-01-31 02:00:25 - INFO - 
🎉 任务全部完成！
汇报用总览表：媒体预算日数据.xlsx
看板用明细表：媒体预算日数据_含ID明细.xlsx
2026-01-31 02:09:06 - INFO - === 开始读取输入文件 ===
2026-01-31 02:09:16 - INFO - ✅ 读取 '广告调度交叉数据去重报表'：27805 行数据
2026-01-31 02:09:16 - INFO - ✅ 读取 '订单明细'：229 行数据
2026-01-31 02:09:16 - INFO - ✅ 读取考核配置：128 个配置号
2026-01-31 02:09:16 - INFO - === 所有输入文件读取完成 ===
2026-01-31 02:09:16 - INFO - 
=== 开始按平台筛选数据 ===
2026-01-31 02:09:16 - INFO - ✅ '45_微博'：筛选出 1532 行数据
2026-01-31 02:09:16 - WARNING - ⚠️  '120_网易新闻' 未筛选到数据
2026-01-31 02:09:16 - INFO - ✅ '130_优酷(媒体)CPA'：筛选出 158 行数据
2026-01-31 02:09:16 - INFO - ✅ '103_喜马拉雅-非官预算'：筛选出 149 行数据
2026-01-31 02:09:16 - INFO - ✅ '23_网易有道7.0'：筛选出 391 行数据
2026-01-31 02:09:16 - INFO - === 平台筛选完成 ===
2026-01-31 02:09:16 - INFO - 
=== 开始处理平台：45_微博 ===
2026-01-31 02:09:16 - INFO - 正在创建透视表...
2026-01-31 02:09:16 - INFO - 透视表创建完成：564 行数据
2026-01-31 02:09:16 - INFO - 正在合并订单明细数据...
2026-01-31 02:09:16 - INFO - 订单明细合并完成
2026-01-31 02:09:16 - INFO - 正在计算KPI...
2026-01-31 02:09:16 - INFO - 次留率计算字段：次日回访量
2026-01-31 02:09:16 - INFO - KPI计算完成
2026-01-31 02:09:16 - INFO - ✅ 平台 45_微博 处理完成：564 行结果
2026-01-31 02:09:16 - INFO - 
=== 开始处理平台：120_网易新闻 ===
2026-01-31 02:09:16 - INFO - 正在创建透视表...
2026-01-31 02:09:16 - WARNING - ⚠️  输入数据为空，返回空透视表
2026-01-31 02:09:16 - INFO - 正在计算KPI...
2026-01-31 02:09:16 - INFO - ✅ 平台 120_网易新闻 处理完成：0 行结果
2026-01-31 02:09:16 - INFO - 
=== 开始处理平台：130_优酷(媒体)CPA ===
2026-01-31 02:09:17 - INFO - 正在创建透视表...
2026-01-31 02:09:17 - INFO - 透视表创建完成：83 行数据
2026-01-31 02:09:17 - INFO - 正在合并订单明细数据...
2026-01-31 02:09:17 - INFO - 订单明细合并完成
2026-01-31 02:09:17 - INFO - 正在计算KPI...
2026-01-31 02:09:17 - INFO - 次留率计算字段：次日回访量
2026-01-31 02:09:17 - INFO - KPI计算完成
2026-01-31 02:09:17 - INFO - ✅ 平台 130_优酷(媒体)CPA 处理完成：83 行结果
2026-01-31 02:09:17 - INFO - 
=== 开始处理平台：103_喜马拉雅-非官预算 ===
2026-01-31 02:09:17 - INFO - 正在创建透视表...
2026-01-31 02:09:17 - INFO - 透视表创建完成：80 行数据
2026-01-31 02:09:17 - INFO - 正在合并订单明细数据...
2026-01-31 02:09:17 - INFO - 订单明细合并完成
2026-01-31 02:09:17 - INFO - 正在计算KPI...
2026-01-31 02:09:17 - INFO - 次留率计算字段：2日留存数
2026-01-31 02:09:17 - INFO - KPI计算完成
2026-01-31 02:09:17 - INFO - ✅ 平台 103_喜马拉雅-非官预算 处理完成：80 行结果
2026-01-31 02:09:17 - INFO - 
=== 开始处理平台：23_网易有道7.0 ===
2026-01-31 02:09:17 - INFO - 正在创建透视表...
2026-01-31 02:09:17 - INFO - 透视表创建完成：203 行数据
2026-01-31 02:09:17 - INFO - 正在合并订单明细数据...
2026-01-31 02:09:17 - INFO - 订单明细合并完成
2026-01-31 02:09:17 - INFO - 正在计算KPI...
2026-01-31 02:09:17 - INFO - 次留率计算字段：次日回访量
2026-01-31 02:09:17 - INFO - KPI计算完成
2026-01-31 02:09:17 - INFO - ✅ 平台 23_网易有道7.0 处理完成：203 行结果
2026-01-31 02:09:17 - INFO - 
=== 开始保存Excel文件 (原定逻辑) ===
2026-01-31 02:09:26 - INFO - 已写入汇总后的透视表：384 行数据
2026-01-31 02:09:26 - INFO - 正在为 '45_微博数据' 标红不达标项...
2026-01-31 02:09:26 - INFO - 已写入汇总后的 '45_微博数据'：215 行数据
2026-01-31 02:09:26 - WARNING - ⚠️  '120_网易新闻数据' 数据为空，跳过写入
2026-01-31 02:09:26 - INFO - 已写入汇总后的 '120_网易新闻数据'：0 行数据
2026-01-31 02:09:26 - INFO - 正在为 '130_优酷(媒体)CPA数据' 标红不达标项...
2026-01-31 02:09:26 - INFO - 已写入汇总后的 '130_优酷(媒体)CPA数据'：46 行数据
2026-01-31 02:09:26 - INFO - 正在为 '103_喜马拉雅-非官预算数据' 标红不达标项...
2026-01-31 02:09:26 - INFO - 已写入汇总后的 '103_喜马拉雅-非官预算数据'：34 行数据
2026-01-31 02:09:26 - INFO - 正在为 '23_网易有道7.0数据' 标红不达标项...
2026-01-31 02:09:26 - INFO - 已写入汇总后的 '23_网易有道7.0数据'：89 行数据
2026-01-31 02:09:44 - INFO - 正在同步生成看板明细文件: 媒体预算日数据_含ID明细.xlsx
2026-01-31 02:09:44 - INFO - 
🎉 任务全部完成！
汇报表：媒体预算日数据.xlsx
看板表：媒体预算日数据_含ID明细.xlsx
2026-01-31 02:14:47 - INFO - === 开始读取输入文件 ===
2026-01-31 02:14:57 - INFO - ✅ 读取 '广告调度交叉数据去重报表'：27805 行数据
2026-01-31 02:14:57 - INFO - ✅ 读取 '订单明细'：229 行数据
2026-01-31 02:14:57 - INFO - ✅ 读取考核配置：128 个配置号
2026-01-31 02:14:57 - INFO - === 所有输入文件读取完成 ===
2026-01-31 02:14:57 - INFO - 
=== 开始按平台筛选数据 ===
2026-01-31 02:14:57 - INFO - ✅ '45_微博'：筛选出 1532 行数据
2026-01-31 02:14:57 - WARNING - ⚠️  '120_网易新闻' 未筛选到数据
2026-01-31 02:14:57 - INFO - ✅ '130_优酷(媒体)CPA'：筛选出 158 行数据
2026-01-31 02:14:57 - INFO - ✅ '103_喜马拉雅-非官预算'：筛选出 149 行数据
2026-01-31 02:14:57 - INFO - ✅ '23_网易有道7.0'：筛选出 391 行数据
2026-01-31 02:14:57 - INFO - === 平台筛选完成 ===
2026-01-31 02:14:57 - INFO - 
=== 开始处理平台：45_微博 ===
2026-01-31 02:14:57 - INFO - 正在创建透视表...
2026-01-31 02:14:57 - INFO - 透视表创建完成：564 行数据
2026-01-31 02:14:57 - INFO - 正在合并订单明细数据...
2026-01-31 02:14:57 - INFO - 订单明细合并完成，列名已净化
2026-01-31 02:14:57 - INFO - 正在计算KPI...
2026-01-31 02:14:57 - INFO - 次留率计算字段：次日回访量
2026-01-31 02:14:57 - INFO - KPI计算完成
2026-01-31 02:14:57 - INFO - ✅ 平台 45_微博 处理完成：564 行结果
2026-01-31 02:14:57 - INFO - 
=== 开始处理平台：120_网易新闻 ===
2026-01-31 02:14:57 - INFO - 正在创建透视表...
2026-01-31 02:14:57 - WARNING - ⚠️  输入数据为空，返回空透视表
2026-01-31 02:14:57 - INFO - 正在计算KPI...
2026-01-31 02:14:57 - INFO - ✅ 平台 120_网易新闻 处理完成：0 行结果
2026-01-31 02:14:57 - INFO - 
=== 开始处理平台：130_优酷(媒体)CPA ===
2026-01-31 02:14:57 - INFO - 正在创建透视表...
2026-01-31 02:14:57 - INFO - 透视表创建完成：83 行数据
2026-01-31 02:14:57 - INFO - 正在合并订单明细数据...
2026-01-31 02:14:57 - INFO - 订单明细合并完成，列名已净化
2026-01-31 02:14:57 - INFO - 正在计算KPI...
2026-01-31 02:14:57 - INFO - 次留率计算字段：次日回访量
2026-01-31 02:14:57 - INFO - KPI计算完成
2026-01-31 02:14:57 - INFO - ✅ 平台 130_优酷(媒体)CPA 处理完成：83 行结果
2026-01-31 02:14:57 - INFO - 
=== 开始处理平台：103_喜马拉雅-非官预算 ===
2026-01-31 02:14:57 - INFO - 正在创建透视表...
2026-01-31 02:14:57 - INFO - 透视表创建完成：80 行数据
2026-01-31 02:14:57 - INFO - 正在合并订单明细数据...
2026-01-31 02:14:57 - INFO - 订单明细合并完成，列名已净化
2026-01-31 02:14:57 - INFO - 正在计算KPI...
2026-01-31 02:14:57 - INFO - 次留率计算字段：2日留存数
2026-01-31 02:14:57 - INFO - KPI计算完成
2026-01-31 02:14:57 - INFO - ✅ 平台 103_喜马拉雅-非官预算 处理完成：80 行结果
2026-01-31 02:14:57 - INFO - 
=== 开始处理平台：23_网易有道7.0 ===
2026-01-31 02:14:57 - INFO - 正在创建透视表...
2026-01-31 02:14:57 - INFO - 透视表创建完成：203 行数据
2026-01-31 02:14:57 - INFO - 正在合并订单明细数据...
2026-01-31 02:14:57 - INFO - 订单明细合并完成，列名已净化
2026-01-31 02:14:57 - INFO - 正在计算KPI...
2026-01-31 02:14:57 - INFO - 次留率计算字段：次日回访量
2026-01-31 02:14:57 - INFO - KPI计算完成
2026-01-31 02:14:57 - INFO - ✅ 平台 23_网易有道7.0 处理完成：203 行结果
2026-01-31 02:14:57 - INFO - 
=== 开始保存Excel文件 (原定逻辑) ===
2026-01-31 02:15:06 - INFO - 已写入汇总后的透视表：384 行数据
2026-01-31 02:15:06 - INFO - 正在为 '45_微博数据' 标红不达标项...
2026-01-31 02:15:06 - INFO - 已写入汇总后的 '45_微博数据'：215 行数据
2026-01-31 02:15:06 - WARNING - ⚠️  '120_网易新闻数据' 数据为空，跳过写入
2026-01-31 02:15:06 - INFO - 已写入汇总后的 '120_网易新闻数据'：0 行数据
2026-01-31 02:15:06 - INFO - 正在为 '130_优酷(媒体)CPA数据' 标红不达标项...
2026-01-31 02:15:06 - INFO - 已写入汇总后的 '130_优酷(媒体)CPA数据'：46 行数据
2026-01-31 02:15:06 - INFO - 正在为 '103_喜马拉雅-非官预算数据' 标红不达标项...
2026-01-31 02:15:06 - INFO - 已写入汇总后的 '103_喜马拉雅-非官预算数据'：34 行数据
2026-01-31 02:15:06 - INFO - 正在为 '23_网易有道7.0数据' 标红不达标项...
2026-01-31 02:15:06 - INFO - 已写入汇总后的 '23_网易有道7.0数据'：89 行数据
2026-01-31 02:15:23 - INFO - 正在同步生成看板明细文件: 媒体预算日数据_含ID明细.xlsx
2026-01-31 02:15:23 - INFO - 
🎉 任务全部完成！
汇报表：媒体预算日数据.xlsx
看板表：媒体预算日数据_含ID明细.xlsx
2026-01-31 02:28:05 - INFO - === 开始读取输入文件 ===
2026-01-31 02:28:14 - INFO - ✅ 读取 '广告调度交叉数据去重报表'：27805 行数据
2026-01-31 02:28:14 - INFO - ✅ 读取 '订单明细'：229 行数据
2026-01-31 02:28:14 - INFO - ✅ 读取考核配置：128 个配置号
2026-01-31 02:28:14 - INFO - === 所有输入文件读取完成 ===
2026-01-31 02:28:14 - INFO - 
=== 开始按平台筛选数据 ===
2026-01-31 02:28:14 - INFO - ✅ '45_微博'：筛选出 1532 行数据
2026-01-31 02:28:14 - INFO - ✅ '120_网易新闻'：筛选出 0 行数据
2026-01-31 02:28:14 - INFO - ✅ '130_优酷(媒体)CPA'：筛选出 158 行数据
2026-01-31 02:28:14 - INFO - ✅ '103_喜马拉雅-非官预算'：筛选出 149 行数据
2026-01-31 02:28:14 - INFO - ✅ '23_网易有道7.0'：筛选出 391 行数据
2026-01-31 02:28:14 - INFO - 
=== 开始处理平台：45_微博 ===
2026-01-31 02:28:14 - INFO - 正在创建透视表 (维度保护模式) - 平台: 45_微博...
2026-01-31 02:28:14 - INFO - 正在合并订单明细数据...
2026-01-31 02:28:14 - INFO - 正在计算KPI...
2026-01-31 02:28:15 - INFO - 
=== 开始处理平台：120_网易新闻 ===
2026-01-31 02:28:15 - INFO - 正在创建透视表 (维度保护模式) - 平台: 120_网易新闻...
2026-01-31 02:28:15 - INFO - 正在计算KPI...
2026-01-31 02:28:15 - INFO - 
=== 开始处理平台：130_优酷(媒体)CPA ===
2026-01-31 02:28:15 - INFO - 正在创建透视表 (维度保护模式) - 平台: 130_优酷(媒体)CPA...
2026-01-31 02:28:15 - INFO - 正在合并订单明细数据...
2026-01-31 02:28:15 - INFO - 正在计算KPI...
2026-01-31 02:28:15 - INFO - 
=== 开始处理平台：103_喜马拉雅-非官预算 ===
2026-01-31 02:28:15 - INFO - 正在创建透视表 (维度保护模式) - 平台: 103_喜马拉雅-非官预算...
2026-01-31 02:28:15 - INFO - 正在合并订单明细数据...
2026-01-31 02:28:15 - INFO - 正在计算KPI...
2026-01-31 02:28:15 - INFO - 
=== 开始处理平台：23_网易有道7.0 ===
2026-01-31 02:28:15 - INFO - 正在创建透视表 (维度保护模式) - 平台: 23_网易有道7.0...
2026-01-31 02:28:15 - INFO - 正在合并订单明细数据...
2026-01-31 02:28:15 - INFO - 正在计算KPI...
2026-01-31 02:28:15 - INFO - 
=== 开始保存Excel文件 ===
2026-01-31 02:28:40 - INFO - 🎉 任务完成！
汇报表：媒体预算日数据.xlsx
看板表：媒体预算日数据_含ID明细.xlsx
2026-01-31 02:33:52 - INFO - === 开始读取输入文件 ===
2026-01-31 02:33:52 - ERROR - 读取失败: [Errno 2] No such file or directory: '/Users/lexin/PycharmProjects/媒体预算汇总/data/OCPX业务报表 (16).xlsx'
2026-01-31 02:34:24 - INFO - === 开始读取输入文件 ===
2026-01-31 02:34:24 - ERROR - 读取失败: [Errno 2] No such file or directory: 'OCPX业务报表 (6).xlsx'
2026-01-31 02:34:33 - INFO - === 开始读取输入文件 ===
2026-01-31 02:34:33 - ERROR - 读取失败: [Errno 2] No such file or directory: './OCPX业务报表 (6).xlsx'
2026-01-31 02:34:55 - INFO - === 开始读取输入文件 ===
2026-01-31 02:35:04 - INFO - === 所有输入文件读取完成 ===
2026-01-31 02:35:04 - INFO - 
=== 开始按平台筛选数据 ===
2026-01-31 02:35:04 - INFO - 
=== 开始处理平台：45_微博 ===
2026-01-31 02:35:04 - INFO - ✅ 平台 45_微博 逻辑计算完成
2026-01-31 02:35:05 - INFO - 
=== 开始处理平台：120_网易新闻 ===
2026-01-31 02:35:05 - INFO - ✅ 平台 120_网易新闻 逻辑计算完成
2026-01-31 02:35:05 - INFO - 
=== 开始处理平台：130_优酷(媒体)CPA ===
2026-01-31 02:35:05 - INFO - ✅ 平台 130_优酷(媒体)CPA 逻辑计算完成
2026-01-31 02:35:05 - INFO - 
=== 开始处理平台：103_喜马拉雅-非官预算 ===
2026-01-31 02:35:05 - INFO - ✅ 平台 103_喜马拉雅-非官预算 逻辑计算完成
2026-01-31 02:35:05 - INFO - 
=== 开始处理平台：23_网易有道7.0 ===
2026-01-31 02:35:05 - INFO - ✅ 平台 23_网易有道7.0 逻辑计算完成
2026-01-31 02:35:30 - INFO - ✅ 汇总表已保存: 媒体预算日数据.xlsx
2026-01-31 02:35:30 - INFO - ✅ 明细表已保存: 媒体预算日数据_含明细.xlsx
2026-01-31 02:39:17 - INFO - === 开始读取输入文件 ===
2026-01-31 02:39:17 - ERROR - 读取失败: [Errno 2] No such file or directory: '/Users/lexin/PycharmProjects/媒体预算汇总/data/OCPX业务报表 (16).xlsx'
2026-01-31 02:39:46 - INFO - === 开始读取输入文件 ===
2026-01-31 02:39:55 - INFO - === 所有输入文件读取完成 ===
2026-01-31 02:39:55 - INFO - 
=== 开始处理平台：45_微博 ===
2026-01-31 02:39:56 - INFO - 
=== 开始处理平台：120_网易新闻 ===
2026-01-31 02:39:56 - INFO - 
=== 开始处理平台：130_优酷(媒体)CPA ===
2026-01-31 02:39:56 - INFO - 
=== 开始处理平台：103_喜马拉雅-非官预算 ===
2026-01-31 02:39:56 - INFO - 
=== 开始处理平台：23_网易有道7.0 ===
2026-01-31 02:40:21 - INFO - ✅ 文件已保存: 媒体预算日数据.xlsx 和 媒体预算日数据_含明细.xlsx
2026-01-31 03:09:40 - INFO - === 开始读取输入文件 ===
2026-01-31 03:09:49 - INFO - 
=== 开始处理平台：45_微博 ===
2026-01-31 03:09:49 - INFO - 正在计算KPI...
2026-01-31 03:09:49 - INFO - 
=== 开始处理平台：120_网易新闻 ===
2026-01-31 03:09:49 - INFO - 正在计算KPI...
2026-01-31 03:09:49 - INFO - 
=== 开始处理平台：130_优酷(媒体)CPA ===
2026-01-31 03:09:49 - INFO - 正在计算KPI...
2026-01-31 03:09:49 - INFO - 
=== 开始处理平台：103_喜马拉雅-非官预算 ===
2026-01-31 03:09:49 - INFO - 正在计算KPI...
2026-01-31 03:09:50 - INFO - 
=== 开始处理平台：23_网易有道7.0 ===
2026-01-31 03:09:50 - INFO - 正在计算KPI...
2026-01-31 03:09:50 - INFO - 
=== 开始保存Excel文件 ===
2026-01-31 03:10:16 - INFO - 任务完成！已生成：媒体预算日数据.xlsx 和 媒体预算日数据_含ID明细.xlsx
2026-01-31 03:35:25 - INFO - === 开始读取输入文件 ===
2026-01-31 03:35:34 - INFO - ✅ 读取 '广告调度交叉数据去重报表'：27805 行数据
2026-01-31 03:35:34 - INFO - ✅ 读取 '订单明细'：229 行数据
2026-01-31 03:35:34 - INFO - ✅ 读取考核配置：128 个配置号
2026-01-31 03:35:34 - INFO - === 所有输入文件读取完成 ===
2026-01-31 03:35:34 - INFO - 
=== 开始按平台筛选数据 ===
2026-01-31 03:35:34 - INFO - ✅ '45_微博'：筛选出 1532 行数据
2026-01-31 03:35:34 - INFO - ✅ '120_网易新闻'：筛选出 0 行数据
2026-01-31 03:35:34 - INFO - ✅ '130_优酷(媒体)CPA'：筛选出 158 行数据
2026-01-31 03:35:34 - INFO - ✅ '103_喜马拉雅-非官预算'：筛选出 149 行数据
2026-01-31 03:35:34 - INFO - ✅ '23_网易有道7.0'：筛选出 391 行数据
2026-01-31 03:35:34 - INFO - 
=== 开始处理平台：45_微博 ===
2026-01-31 03:35:34 - INFO - 
=== 开始处理平台：120_网易新闻 ===
2026-01-31 03:35:34 - INFO - 
=== 开始处理平台：130_优酷(媒体)CPA ===
2026-01-31 03:35:34 - INFO - 
=== 开始处理平台：103_喜马拉雅-非官预算 ===
2026-01-31 03:35:34 - INFO - 
=== 开始处理平台：23_网易有道7.0 ===
2026-01-31 03:35:34 - INFO - 
=== 开始保存Excel文件 ===
2026-01-31 03:35:43 - INFO - 已写入汇总表 '45_微博数据'
2026-01-31 03:35:43 - INFO - 已写入汇总表 '120_网易新闻数据'
2026-01-31 03:35:43 - INFO - 已写入汇总表 '130_优酷(媒体)CPA数据'
2026-01-31 03:35:43 - INFO - 已写入汇总表 '103_喜马拉雅-非官预算数据'
2026-01-31 03:35:43 - INFO - 已写入汇总表 '23_网易有道7.0数据'
2026-01-31 03:35:58 - INFO - 正在同步生成看板明细文件: 媒体预算日数据_含ID明细.xlsx
2026-01-31 03:35:59 - INFO - 🎉 全部完成！汇总：媒体预算日数据.xlsx，明细：媒体预算日数据_含ID明细.xlsx
2026-01-31 03:43:51 - INFO - === 开始读取输入文件 ===
2026-01-31 03:43:51 - ERROR - 文件未找到: '/Users/lexin/PycharmProjects/媒体预算汇总/data/OCPX业务报表 (16).xlsx' 不存在
2026-01-31 03:43:51 - CRITICAL - 
❌ 程序执行失败：'/Users/lexin/PycharmProjects/媒体预算汇总/data/OCPX业务报表 (16).xlsx' 不存在
Traceback (most recent call last):
  File "C:\Users\ASUS\PycharmProjects\媒体预算汇总\main.py", line 683, in main
    processor.read_all_inputs()
    ~~~~~~~~~~~~~~~~~~~~~~~~~^^
  File "C:\Users\ASUS\PycharmProjects\媒体预算汇总\main.py", line 110, in read_all_inputs
    self.raw_df = self._read_excel_file(self.config['INPUT_FILE'], self.config['RAW_DATA_SHEET'])
                  ~~~~~~~~~~~~~~~~~~~~~^^^^^^^^^^^^^^^^^^^^^^^^^^^^^^^^^^^^^^^^^^^^^^^^^^^^^^^^^^
  File "C:\Users\ASUS\PycharmProjects\媒体预算汇总\main.py", line 125, in _read_excel_file
    raise FileNotFoundError(f"'{file_path}' 不存在")
FileNotFoundError: '/Users/lexin/PycharmProjects/媒体预算汇总/data/OCPX业务报表 (16).xlsx' 不存在
2026-01-31 03:44:27 - INFO - === 开始读取输入文件 ===
2026-01-31 03:44:36 - INFO - ✅ 读取 '广告调度交叉数据去重报表'：27805 行数据
2026-01-31 03:44:36 - INFO - ✅ 读取 '订单明细'：229 行数据
2026-01-31 03:44:36 - INFO - ✅ 读取考核配置：128 个配置号
2026-01-31 03:44:36 - INFO - === 所有输入文件读取完成 ===
2026-01-31 03:44:36 - INFO - 
=== 开始按平台筛选数据 ===
2026-01-31 03:44:36 - INFO - ✅ '45_微博'：筛选出 1532 行数据
2026-01-31 03:44:36 - WARNING - ⚠️  '120_网易新闻' 未筛选到数据
2026-01-31 03:44:36 - INFO - ✅ '130_优酷(媒体)CPA'：筛选出 158 行数据
2026-01-31 03:44:36 - INFO - ✅ '103_喜马拉雅-非官预算'：筛选出 149 行数据
2026-01-31 03:44:36 - INFO - ✅ '23_网易有道7.0'：筛选出 391 行数据
2026-01-31 03:44:36 - INFO - === 平台筛选完成 ===
2026-01-31 03:44:36 - INFO - 
=== 开始处理平台：45_微博 ===
2026-01-31 03:44:36 - INFO - 正在创建透视表...
2026-01-31 03:44:36 - INFO - 透视表创建完成：215 行数据
2026-01-31 03:44:36 - INFO - 正在合并订单明细数据...
2026-01-31 03:44:36 - INFO - 订单明细合并完成
2026-01-31 03:44:36 - INFO - 正在计算KPI...
2026-01-31 03:44:36 - INFO - 次留率计算字段：次日回访量
2026-01-31 03:44:37 - INFO - KPI计算完成
2026-01-31 03:44:37 - INFO - ✅ 平台 45_微博 处理完成：215 行结果
2026-01-31 03:44:37 - INFO - 
=== 开始处理平台：120_网易新闻 ===
2026-01-31 03:44:37 - INFO - 正在创建透视表...
2026-01-31 03:44:37 - WARNING - ⚠️  输入数据为空，返回空透视表
2026-01-31 03:44:37 - INFO - 正在计算KPI...
2026-01-31 03:44:37 - INFO - ✅ 平台 120_网易新闻 处理完成：0 行结果
2026-01-31 03:44:37 - INFO - 
=== 开始处理平台：130_优酷(媒体)CPA ===
2026-01-31 03:44:37 - INFO - 正在创建透视表...
2026-01-31 03:44:37 - INFO - 透视表创建完成：46 行数据
2026-01-31 03:44:37 - INFO - 正在合并订单明细数据...
2026-01-31 03:44:37 - INFO - 订单明细合并完成
2026-01-31 03:44:37 - INFO - 正在计算KPI...
2026-01-31 03:44:37 - INFO - 次留率计算字段：次日回访量
2026-01-31 03:44:37 - INFO - KPI计算完成
2026-01-31 03:44:37 - INFO - ✅ 平台 130_优酷(媒体)CPA 处理完成：46 行结果
2026-01-31 03:44:37 - INFO - 
=== 开始处理平台：103_喜马拉雅-非官预算 ===
2026-01-31 03:44:37 - INFO - 正在创建透视表...
2026-01-31 03:44:37 - INFO - 透视表创建完成：34 行数据
2026-01-31 03:44:37 - INFO - 正在合并订单明细数据...
2026-01-31 03:44:37 - INFO - 订单明细合并完成
2026-01-31 03:44:37 - INFO - 正在计算KPI...
2026-01-31 03:44:37 - INFO - 次留率计算字段：2日留存数
2026-01-31 03:44:37 - INFO - KPI计算完成
2026-01-31 03:44:37 - INFO - ✅ 平台 103_喜马拉雅-非官预算 处理完成：34 行结果
2026-01-31 03:44:37 - INFO - 
=== 开始处理平台：23_网易有道7.0 ===
2026-01-31 03:44:37 - INFO - 正在创建透视表...
2026-01-31 03:44:37 - INFO - 透视表创建完成：91 行数据
2026-01-31 03:44:37 - INFO - 正在合并订单明细数据...
2026-01-31 03:44:37 - INFO - 订单明细合并完成
2026-01-31 03:44:37 - INFO - 正在计算KPI...
2026-01-31 03:44:37 - INFO - 次留率计算字段：次日回访量
2026-01-31 03:44:37 - INFO - KPI计算完成
2026-01-31 03:44:37 - INFO - ✅ 平台 23_网易有道7.0 处理完成：91 行结果
2026-01-31 03:44:37 - INFO - 
=== 开始保存Excel文件 ===
2026-01-31 03:44:46 - INFO - 已写入 '配置号透视表（未合并）'：386 行数据
2026-01-31 03:44:46 - INFO - 正在为 '45_微博数据' 标红不达标项...
2026-01-31 03:44:46 - INFO - 已写入 '45_微博数据'：215 行数据
2026-01-31 03:44:46 - WARNING - ⚠️  '120_网易新闻数据' 数据为空，跳过写入
2026-01-31 03:44:46 - INFO - 已写入 '120_网易新闻数据'：0 行数据
2026-01-31 03:44:46 - INFO - 正在为 '130_优酷(媒体)CPA数据' 标红不达标项...
2026-01-31 03:44:46 - INFO - 已写入 '130_优酷(媒体)CPA数据'：46 行数据
2026-01-31 03:44:46 - INFO - 正在为 '103_喜马拉雅-非官预算数据' 标红不达标项...
2026-01-31 03:44:46 - INFO - 已写入 '103_喜马拉雅-非官预算数据'：34 行数据
2026-01-31 03:44:46 - INFO - 正在为 '23_网易有道7.0数据' 标红不达标项...
2026-01-31 03:44:46 - INFO - 已写入 '23_网易有道7.0数据'：91 行数据
2026-01-31 03:45:02 - INFO - 
🎉 所有处理完成！结果保存至：媒体预算日数据.xlsx
2026-01-31 03:45:02 - INFO - 
=== 开始生成媒体预算日数据_明细表 ===
2026-01-31 03:45:02 - INFO - === 开始读取输入文件 ===
2026-01-31 03:45:12 - INFO - ✅ 读取 '广告调度交叉数据去重报表'：27805 行数据
2026-01-31 03:45:12 - INFO - ✅ 读取 '订单明细'：229 行数据
2026-01-31 03:45:12 - INFO - ✅ 读取考核配置：128 个配置号
2026-01-31 03:45:12 - INFO - === 所有输入文件读取完成 ===
2026-01-31 03:45:12 - INFO - 
=== 开始按平台筛选数据 ===
2026-01-31 03:45:12 - INFO - ✅ '45_微博'：筛选出 1532 行数据
2026-01-31 03:45:12 - WARNING - ⚠️  '120_网易新闻' 未筛选到数据
2026-01-31 03:45:12 - INFO - ✅ '130_优酷(媒体)CPA'：筛选出 158 行数据
2026-01-31 03:45:12 - INFO - ✅ '103_喜马拉雅-非官预算'：筛选出 149 行数据
2026-01-31 03:45:12 - INFO - ✅ '23_网易有道7.0'：筛选出 391 行数据
2026-01-31 03:45:12 - INFO - === 平台筛选完成 ===
2026-01-31 03:45:12 - INFO - ✅ 已处理 45_微博 明细数据：1532 行
2026-01-31 03:45:12 - WARNING - ⚠️  120_网易新闻 无数据，跳过明细表生成
2026-01-31 03:45:12 - INFO - ✅ 已处理 130_优酷(媒体)CPA 明细数据：158 行
2026-01-31 03:45:12 - INFO - ✅ 已处理 103_喜马拉雅-非官预算 明细数据：149 行
2026-01-31 03:45:12 - INFO - ✅ 已处理 23_网易有道7.0 明细数据：391 行
2026-01-31 03:45:12 - INFO - 🎉 明细表生成完成！保存至：媒体预算日数据_明细表.xlsx
